<?xml version="1.0" encoding="UTF-8"?>
<!-- Generated by org.testng.reporters.JUnitReportReporter -->
<testsuite hostname="TRD-LAP-156" failures="0" tests="1" name="classfiles.ABSLI_Nominee_J1" time="26.442" errors="0" timestamp="2023-01-23T14:34:13 IST" skipped="0">
  <testcase classname="classfiles.ABSLI_Nominee_J1" name="Login" time="26.442"/>
  <system-out/>
</testsuite> <!-- classfiles.ABSLI_Nominee_J1 -->
