<?xml version="1.0" encoding="UTF-8"?>
<!-- Generated by org.testng.reporters.JUnitReportReporter -->
<testsuite hostname="TRD-LAP-037" failures="0" tests="1" name="classfiles.ABSLI_Nominee_J2" time="5.576" errors="0" timestamp="2023-01-23T19:07:37 IST" skipped="0">
  <testcase classname="classfiles.ABSLI_Nominee_J2" name="Login" time="5.576"/>
  <system-out/>
</testsuite> <!-- classfiles.ABSLI_Nominee_J2 -->
