<?xml version="1.0" encoding="UTF-8"?>
<!-- Generated by org.testng.reporters.JUnitReportReporter -->
<<<<<<< HEAD
<testsuite hostname="TRD-LAP-037" failures="0" tests="1" name="classfiles.ABSLI_LoginOTP" time="7.331" errors="0" timestamp="2023-01-19T18:14:03 IST" skipped="0">
  <testcase classname="classfiles.ABSLI_LoginOTP" name="Login" time="7.331"/>
=======
<testsuite hostname="TRD-LAP-156" failures="0" tests="1" name="classfiles.ABSLI_LoginOTP" time="16.857" errors="0" timestamp="2023-01-19T17:08:52 IST" skipped="0">
  <testcase classname="classfiles.ABSLI_LoginOTP" name="Login" time="16.857"/>
>>>>>>> branch 'Dev' of https://gitlab.com/nileshp180872/absli-portals-service-buddy.git
  <system-out/>
</testsuite> <!-- classfiles.ABSLI_LoginOTP -->
