<?xml version="1.0" encoding="UTF-8"?>
<!-- Generated by org.testng.reporters.JUnitReportReporter -->
<testsuite hostname="TRD-LAP-156" failures="0" tests="1" name="classfiles.ABSLI_LoginOTP" time="27.065" errors="0" timestamp="2023-01-19T16:45:25 IST" skipped="0">
  <testcase classname="classfiles.ABSLI_LoginOTP" name="Login" time="27.065"/>
  <system-out/>
</testsuite> <!-- classfiles.ABSLI_LoginOTP -->
