<?xml version="1.0" encoding="UTF-8"?>
<!-- Generated by org.testng.reporters.JUnitReportReporter -->
<testsuite hostname="TRD-LAP-156" failures="0" tests="1" name="classfiles.ABSLI_Login" time="15.267" errors="0" timestamp="2023-01-19T17:52:08 IST" skipped="0">
  <testcase classname="classfiles.ABSLI_Login" name="Login" time="15.267"/>
  <system-out/>
</testsuite> <!-- classfiles.ABSLI_Login -->
