<?xml version="1.0" encoding="UTF-8"?>
<!-- Generated by org.testng.reporters.JUnitReportReporter -->
<<<<<<< HEAD
<testsuite hostname="TRD-LAP-037" failures="0" tests="1" name="classfiles.ABSLI_Login" time="6.707" errors="0" timestamp="2023-01-19T18:12:29 IST" skipped="0">
  <testcase classname="classfiles.ABSLI_Login" name="Login" time="6.707"/>
=======
<testsuite hostname="TRD-LAP-156" failures="0" tests="1" name="classfiles.ABSLI_Login" time="15.267" errors="0" timestamp="2023-01-19T17:52:08 IST" skipped="0">
  <testcase classname="classfiles.ABSLI_Login" name="Login" time="15.267"/>
>>>>>>> branch 'Dev' of https://gitlab.com/nileshp180872/absli-portals-service-buddy.git
  <system-out/>
</testsuite> <!-- classfiles.ABSLI_Login -->
